This file contains any messages produced by compilers while
running configure, to aid debugging if configure makes a mistake.

It was created by pcaprrd configure 0.1, which was
generated by GNU Autoconf 2.68.  Invocation command line was

  $ ../configure 

## --------- ##
## Platform. ##
## --------- ##

hostname = roman-pc
uname -m = i686
uname -r = 1.7.9(0.237/5/3)
uname -s = CYGWIN_NT-6.1
uname -v = 2011-03-29 10:10

/usr/bin/uname -p = unknown
/bin/uname -X     = unknown

/bin/arch              = i686
/usr/bin/arch -k       = unknown
/usr/convex/getsysinfo = unknown
/usr/bin/hostinfo      = unknown
/bin/machine           = unknown
/usr/bin/oslevel       = unknown
/bin/universe          = unknown

PATH: /usr/local/bin
PATH: /usr/bin
PATH: /cygdrive/c/Program Files/AMD APP/bin/x86
PATH: /cygdrive/c/Program Files/NVIDIA Corporation/PhysX/Common
PATH: /cygdrive/c/Program Files/MiKTeX 2.9/miktex/bin
PATH: /cygdrive/c/Program Files/PC Connectivity Solution
PATH: /cygdrive/c/Program Files/Common Files/Microsoft Shared/Windows Live
PATH: /cygdrive/c/oraclexe/app/oracle/product/10.2.0/server/bin
PATH: /cygdrive/c/Program Files/Rockwell Software/RSCommon
PATH: /cygdrive/c/php
PATH: /cygdrive/c/Windows/system32
PATH: /cygdrive/c/Windows
PATH: /cygdrive/c/Windows/System32/Wbem
PATH: /cygdrive/c/Windows/System32/WindowsPowerShell/v1.0
PATH: /cygdrive/c/Program Files/ATI Technologies/ATI.ACE/Core-Static
PATH: /cygdrive/c/Qt/2010.04/qt/bin
PATH: /cygdrive/c/Program Files/Pinnacle/Shared Files
PATH: /cygdrive/c/strawberry/c/bin
PATH: /cygdrive/c/strawberry/perl/site/bin
PATH: /cygdrive/c/strawberry/perl/bin
PATH: /cygdrive/c/Program Files/QuickTime/QTSystem
PATH: /cygdrive/c/Program Files/TortoiseHg
PATH: /cygdrive/c/Program Files/OpenVPN/bin
PATH: /cygdrive/c/Program Files/Gle4/bin
PATH: /cygdrive/c/Program Files/Nmap
PATH: /cygdrive/c/Program Files/CMake 2.8/bin


## ----------- ##
## Core tests. ##
## ----------- ##

configure:2196: checking for a BSD-compatible install
configure:2264: result: /usr/bin/install -c
configure:2275: checking whether build environment is sane
configure:2325: result: yes
configure:2466: checking for a thread-safe mkdir -p
configure:2505: result: /usr/bin/mkdir -p
configure:2518: checking for gawk
configure:2534: found /usr/bin/gawk
configure:2545: result: gawk
configure:2556: checking whether make sets $(MAKE)
configure:2578: result: yes
configure:2811: creating ./config.status

## ---------------------- ##
## Running config.status. ##
## ---------------------- ##

This file was extended by pcaprrd config.status 0.1, which was
generated by GNU Autoconf 2.68.  Invocation command line was

  CONFIG_FILES    = 
  CONFIG_HEADERS  = 
  CONFIG_LINKS    = 
  CONFIG_COMMANDS = 
  $ ./config.status 

on roman-pc

config.status:778: creating Makefile
config.status:778: creating src/Makefile
configure:3906: checking for g++
configure:3922: found /usr/bin/g++
configure:3933: result: g++
configure:3960: checking for C++ compiler version
configure:3969: g++ --version >&5
g++ (GCC) 3.4.4 (cygming special, gdc 0.12, using dmd 0.125)
Copyright (C) 2004 Free Software Foundation, Inc.
This is free software; see the source for copying conditions.  There is NO
warranty; not even for MERCHANTABILITY or FITNESS FOR A PARTICULAR PURPOSE.

configure:3980: $? = 0
configure:3969: g++ -v >&5
Reading specs from /usr/lib/gcc/i686-pc-cygwin/3.4.4/specs
Configured with: /managed/gcc-build/final-v3-bootstrap/gcc-3.4.4-999/configure --verbose --program-suffix=-3 --prefix=/usr --exec-prefix=/usr --sysconfdir=/etc --libdir=/usr/lib --libexecdir=/usr/lib --mandir=/usr/share/man --infodir=/usr/share/info --enable-languages=c,ada,c++,d,f77,pascal,java,objc --enable-nls --without-included-gettext --enable-version-specific-runtime-libs --without-x --enable-libgcj --disable-java-awt --with-system-zlib --enable-interpreter --disable-libgcj-debug --enable-threads=posix --enable-java-gc=boehm --disable-win32-registry --enable-sjlj-exceptions --enable-hash-synchronization --enable-libstdcxx-debug
Thread model: posix
gcc version 3.4.4 (cygming special, gdc 0.12, using dmd 0.125)
configure:3980: $? = 0
configure:3969: g++ -V >&5
g++: `-V' option must have argument
configure:3980: $? = 1
configure:3969: g++ -qversion >&5
g++: unrecognized option `-qversion'
g++: no input files
configure:3980: $? = 1
configure:4000: checking whether the C++ compiler works
configure:4022: g++    conftest.cpp  >&5
configure:4026: $? = 0
configure:4074: result: yes
configure:4077: checking for C++ compiler default output file name
configure:4079: result: a.exe
configure:4085: checking for suffix of executables
configure:4092: g++ -o conftest.exe    conftest.cpp  >&5
configure:4096: $? = 0
configure:4118: result: .exe
configure:4140: checking whether we are cross compiling
configure:4148: g++ -o conftest.exe    conftest.cpp  >&5
configure:4152: $? = 0
configure:4159: ./conftest.exe
configure:4163: $? = 0
configure:4178: result: no
configure:4183: checking for suffix of object files
configure:4205: g++ -c   conftest.cpp >&5
configure:4209: $? = 0
configure:4230: result: o
configure:4234: checking whether we are using the GNU C++ compiler
configure:4253: g++ -c   conftest.cpp >&5
configure:4253: $? = 0
configure:4262: result: yes
configure:4271: checking whether g++ accepts -g
configure:4291: g++ -c -g  conftest.cpp >&5
configure:4291: $? = 0
configure:4332: result: yes
configure:4366: checking for style of include used by make
configure:4394: result: GNU
configure:4419: checking dependency style of g++
configure:4529: result: gcc3
configure:4592: checking for gcc
configure:4608: found /usr/bin/gcc
configure:4619: result: gcc
configure:4848: checking for C compiler version
configure:4857: gcc --version >&5
gcc (GCC) 3.4.4 (cygming special, gdc 0.12, using dmd 0.125)
Copyright (C) 2004 Free Software Foundation, Inc.
This is free software; see the source for copying conditions.  There is NO
warranty; not even for MERCHANTABILITY or FITNESS FOR A PARTICULAR PURPOSE.

configure:4868: $? = 0
configure:4857: gcc -v >&5
Reading specs from /usr/lib/gcc/i686-pc-cygwin/3.4.4/specs
Configured with: /managed/gcc-build/final-v3-bootstrap/gcc-3.4.4-999/configure --verbose --program-suffix=-3 --prefix=/usr --exec-prefix=/usr --sysconfdir=/etc --libdir=/usr/lib --libexecdir=/usr/lib --mandir=/usr/share/man --infodir=/usr/share/info --enable-languages=c,ada,c++,d,f77,pascal,java,objc --enable-nls --without-included-gettext --enable-version-specific-runtime-libs --without-x --enable-libgcj --disable-java-awt --with-system-zlib --enable-interpreter --disable-libgcj-debug --enable-threads=posix --enable-java-gc=boehm --disable-win32-registry --enable-sjlj-exceptions --enable-hash-synchronization --enable-libstdcxx-debug
Thread model: posix
gcc version 3.4.4 (cygming special, gdc 0.12, using dmd 0.125)
configure:4868: $? = 0
configure:4857: gcc -V >&5
gcc: `-V' option must have argument
configure:4868: $? = 1
configure:4857: gcc -qversion >&5
gcc: unrecognized option `-qversion'
gcc: no input files
configure:4868: $? = 1
configure:4872: checking whether we are using the GNU C compiler
configure:4891: gcc -c   conftest.c >&5
configure:4891: $? = 0
configure:4900: result: yes
configure:4909: checking whether gcc accepts -g
configure:4929: gcc -c -g  conftest.c >&5
configure:4929: $? = 0
configure:4970: result: yes
configure:4987: checking for gcc option to accept ISO C89
configure:5051: gcc  -c -g -O2  conftest.c >&5
configure:5051: $? = 0
configure:5064: result: none needed
configure:5086: checking dependency style of gcc
configure:5196: result: gcc3
configure:5214: checking for pthread_create in -lpthread
configure:5239: gcc -o conftest.exe -g -O2   conftest.c -lpthread   >&5
configure:5239: $? = 0
configure:5248: result: yes
configure:5259: checking for rrd_create in -lrrd
configure:5284: gcc -o conftest.exe -g -O2   conftest.c -lrrd  -lpthread  >&5
/usr/lib/gcc/i686-pc-cygwin/3.4.4/../../../../i686-pc-cygwin/bin/ld: cannot find -lrrd
collect2: ld returned 1 exit status
configure:5284: $? = 1
configure: failed program was:
| /* confdefs.h */
| #define PACKAGE_NAME "pcaprrd"
| #define PACKAGE_TARNAME "pcaprrd"
| #define PACKAGE_VERSION "0.1"
| #define PACKAGE_STRING "pcaprrd 0.1"
| #define PACKAGE_BUGREPORT "BUG-REPORT-ADDRESS"
| #define PACKAGE_URL ""
| #define PACKAGE "pcaprrd"
| #define VERSION "0.1"
| #define HAVE_LIBPTHREAD 1
| /* end confdefs.h.  */
| 
| /* Override any GCC internal prototype to avoid an error.
|    Use char because int might match the return type of a GCC
|    builtin and then its argument prototype would still apply.  */
| #ifdef __cplusplus
| extern "C"
| #endif
| char rrd_create ();
| int
| main ()
| {
| return rrd_create ();
|   ;
|   return 0;
| }
configure:5293: result: no
configure:5304: checking for pcap_open_live in -lpcap
configure:5329: gcc -o conftest.exe -g -O2   conftest.c -lpcap  -lpthread  >&5
/usr/lib/gcc/i686-pc-cygwin/3.4.4/../../../../i686-pc-cygwin/bin/ld: cannot find -lpcap
collect2: ld returned 1 exit status
configure:5329: $? = 1
configure: failed program was:
| /* confdefs.h */
| #define PACKAGE_NAME "pcaprrd"
| #define PACKAGE_TARNAME "pcaprrd"
| #define PACKAGE_VERSION "0.1"
| #define PACKAGE_STRING "pcaprrd 0.1"
| #define PACKAGE_BUGREPORT "BUG-REPORT-ADDRESS"
| #define PACKAGE_URL ""
| #define PACKAGE "pcaprrd"
| #define VERSION "0.1"
| #define HAVE_LIBPTHREAD 1
| /* end confdefs.h.  */
| 
| /* Override any GCC internal prototype to avoid an error.
|    Use char because int might match the return type of a GCC
|    builtin and then its argument prototype would still apply.  */
| #ifdef __cplusplus
| extern "C"
| #endif
| char pcap_open_live ();
| int
| main ()
| {
| return pcap_open_live ();
|   ;
|   return 0;
| }
configure:5338: result: no
configure:5356: checking how to run the C preprocessor
configure:5387: gcc -E  conftest.c
configure:5387: $? = 0
configure:5401: gcc -E  conftest.c
conftest.c:12:28: ac_nonexistent.h: No such file or directory
configure:5401: $? = 1
configure: failed program was:
| /* confdefs.h */
| #define PACKAGE_NAME "pcaprrd"
| #define PACKAGE_TARNAME "pcaprrd"
| #define PACKAGE_VERSION "0.1"
| #define PACKAGE_STRING "pcaprrd 0.1"
| #define PACKAGE_BUGREPORT "BUG-REPORT-ADDRESS"
| #define PACKAGE_URL ""
| #define PACKAGE "pcaprrd"
| #define VERSION "0.1"
| #define HAVE_LIBPTHREAD 1
| /* end confdefs.h.  */
| #include <ac_nonexistent.h>
configure:5426: result: gcc -E
configure:5446: gcc -E  conftest.c
configure:5446: $? = 0
configure:5460: gcc -E  conftest.c
conftest.c:12:28: ac_nonexistent.h: No such file or directory
configure:5460: $? = 1
configure: failed program was:
| /* confdefs.h */
| #define PACKAGE_NAME "pcaprrd"
| #define PACKAGE_TARNAME "pcaprrd"
| #define PACKAGE_VERSION "0.1"
| #define PACKAGE_STRING "pcaprrd 0.1"
| #define PACKAGE_BUGREPORT "BUG-REPORT-ADDRESS"
| #define PACKAGE_URL ""
| #define PACKAGE "pcaprrd"
| #define VERSION "0.1"
| #define HAVE_LIBPTHREAD 1
| /* end confdefs.h.  */
| #include <ac_nonexistent.h>
configure:5489: checking for grep that handles long lines and -e
configure:5547: result: /usr/bin/grep
configure:5552: checking for egrep
configure:5614: result: /usr/bin/grep -E
configure:5619: checking for ANSI C header files
configure:5639: gcc -c -g -O2  conftest.c >&5
configure:5639: $? = 0
configure:5712: gcc -o conftest.exe -g -O2   conftest.c -lpthread  >&5
configure:5712: $? = 0
configure:5712: ./conftest.exe
configure:5712: $? = 0
configure:5723: result: yes
configure:5736: checking for sys/types.h
configure:5736: gcc -c -g -O2  conftest.c >&5
configure:5736: $? = 0
configure:5736: result: yes
configure:5736: checking for sys/stat.h
configure:5736: gcc -c -g -O2  conftest.c >&5
configure:5736: $? = 0
configure:5736: result: yes
configure:5736: checking for stdlib.h
configure:5736: gcc -c -g -O2  conftest.c >&5
configure:5736: $? = 0
configure:5736: result: yes
configure:5736: checking for string.h
configure:5736: gcc -c -g -O2  conftest.c >&5
configure:5736: $? = 0
configure:5736: result: yes
configure:5736: checking for memory.h
configure:5736: gcc -c -g -O2  conftest.c >&5
configure:5736: $? = 0
configure:5736: result: yes
configure:5736: checking for strings.h
configure:5736: gcc -c -g -O2  conftest.c >&5
configure:5736: $? = 0
configure:5736: result: yes
configure:5736: checking for inttypes.h
configure:5736: gcc -c -g -O2  conftest.c >&5
configure:5736: $? = 0
configure:5736: result: yes
configure:5736: checking for stdint.h
configure:5736: gcc -c -g -O2  conftest.c >&5
configure:5736: $? = 0
configure:5736: result: yes
configure:5736: checking for unistd.h
configure:5736: gcc -c -g -O2  conftest.c >&5
configure:5736: $? = 0
configure:5736: result: yes
configure:5750: checking arpa/inet.h usability
configure:5750: gcc -c -g -O2  conftest.c >&5
configure:5750: $? = 0
configure:5750: result: yes
configure:5750: checking arpa/inet.h presence
configure:5750: gcc -E  conftest.c
configure:5750: $? = 0
configure:5750: result: yes
configure:5750: checking for arpa/inet.h
configure:5750: result: yes
configure:5762: checking for stdbool.h that conforms to C99
configure:5829: gcc -c -g -O2  conftest.c >&5
configure:5829: $? = 0
configure:5836: result: yes
configure:5838: checking for _Bool
configure:5838: gcc -c -g -O2  conftest.c >&5
configure:5838: $? = 0
configure:5838: gcc -c -g -O2  conftest.c >&5
conftest.c: In function `main':
conftest.c:59: error: parse error before ')' token
configure:5838: $? = 1
configure: failed program was:
| /* confdefs.h */
| #define PACKAGE_NAME "pcaprrd"
| #define PACKAGE_TARNAME "pcaprrd"
| #define PACKAGE_VERSION "0.1"
| #define PACKAGE_STRING "pcaprrd 0.1"
| #define PACKAGE_BUGREPORT "BUG-REPORT-ADDRESS"
| #define PACKAGE_URL ""
| #define PACKAGE "pcaprrd"
| #define VERSION "0.1"
| #define HAVE_LIBPTHREAD 1
| #define STDC_HEADERS 1
| #define HAVE_SYS_TYPES_H 1
| #define HAVE_SYS_STAT_H 1
| #define HAVE_STDLIB_H 1
| #define HAVE_STRING_H 1
| #define HAVE_MEMORY_H 1
| #define HAVE_STRINGS_H 1
| #define HAVE_INTTYPES_H 1
| #define HAVE_STDINT_H 1
| #define HAVE_UNISTD_H 1
| #define HAVE_ARPA_INET_H 1
| /* end confdefs.h.  */
| #include <stdio.h>
| #ifdef HAVE_SYS_TYPES_H
| # include <sys/types.h>
| #endif
| #ifdef HAVE_SYS_STAT_H
| # include <sys/stat.h>
| #endif
| #ifdef STDC_HEADERS
| # include <stdlib.h>
| # include <stddef.h>
| #else
| # ifdef HAVE_STDLIB_H
| #  include <stdlib.h>
| # endif
| #endif
| #ifdef HAVE_STRING_H
| # if !defined STDC_HEADERS && defined HAVE_MEMORY_H
| #  include <memory.h>
| # endif
| # include <string.h>
| #endif
| #ifdef HAVE_STRINGS_H
| # include <strings.h>
| #endif
| #ifdef HAVE_INTTYPES_H
| # include <inttypes.h>
| #endif
| #ifdef HAVE_STDINT_H
| # include <stdint.h>
| #endif
| #ifdef HAVE_UNISTD_H
| # include <unistd.h>
| #endif
| int
| main ()
| {
| if (sizeof ((_Bool)))
| 	    return 0;
|   ;
|   return 0;
| }
configure:5838: result: yes
configure:5854: checking for inline
configure:5870: gcc -c -g -O2  conftest.c >&5
configure:5870: $? = 0
configure:5878: result: inline
configure:6033: creating ./config.status

## ---------------------- ##
## Running config.status. ##
## ---------------------- ##

This file was extended by pcaprrd config.status 0.1, which was
generated by GNU Autoconf 2.68.  Invocation command line was

  CONFIG_FILES    = 
  CONFIG_HEADERS  = 
  CONFIG_LINKS    = 
  CONFIG_COMMANDS = 
  $ ./config.status 

on roman-pc

config.status:870: creating Makefile
config.status:870: creating src/Makefile
config.status:870: creating config.h
config.status:1084: executing depfiles commands

## ---------------- ##
## Cache variables. ##
## ---------------- ##

ac_cv_c_compiler_gnu=yes
ac_cv_c_inline=inline
ac_cv_cxx_compiler_gnu=yes
ac_cv_env_CCC_set=
ac_cv_env_CCC_value=
ac_cv_env_CC_set=
ac_cv_env_CC_value=
ac_cv_env_CFLAGS_set=
ac_cv_env_CFLAGS_value=
ac_cv_env_CPPFLAGS_set=
ac_cv_env_CPPFLAGS_value=
ac_cv_env_CPP_set=
ac_cv_env_CPP_value=
ac_cv_env_CXXFLAGS_set=
ac_cv_env_CXXFLAGS_value=
ac_cv_env_CXX_set=
ac_cv_env_CXX_value=
ac_cv_env_LDFLAGS_set=
ac_cv_env_LDFLAGS_value=
ac_cv_env_LIBS_set=
ac_cv_env_LIBS_value=
ac_cv_env_build_alias_set=
ac_cv_env_build_alias_value=
ac_cv_env_host_alias_set=
ac_cv_env_host_alias_value=
ac_cv_env_target_alias_set=
ac_cv_env_target_alias_value=
ac_cv_exeext=.exe
ac_cv_header_arpa_inet_h=yes
ac_cv_header_inttypes_h=yes
ac_cv_header_memory_h=yes
ac_cv_header_stdbool_h=yes
ac_cv_header_stdc=yes
ac_cv_header_stdint_h=yes
ac_cv_header_stdlib_h=yes
ac_cv_header_string_h=yes
ac_cv_header_strings_h=yes
ac_cv_header_sys_stat_h=yes
ac_cv_header_sys_types_h=yes
ac_cv_header_unistd_h=yes
ac_cv_lib_pcap_pcap_open_live=no
ac_cv_lib_pthread_pthread_create=yes
ac_cv_lib_rrd_rrd_create=no
ac_cv_objext=o
ac_cv_path_EGREP='/usr/bin/grep -E'
ac_cv_path_GREP=/usr/bin/grep
ac_cv_path_install='/usr/bin/install -c'
ac_cv_path_mkdir=/usr/bin/mkdir
ac_cv_prog_AWK=gawk
ac_cv_prog_CPP='gcc -E'
ac_cv_prog_ac_ct_CC=gcc
ac_cv_prog_ac_ct_CXX=g++
ac_cv_prog_cc_c89=
ac_cv_prog_cc_g=yes
ac_cv_prog_cxx_g=yes
ac_cv_prog_make_make_set=yes
ac_cv_type__Bool=yes
am_cv_CC_dependencies_compiler_type=gcc3
am_cv_CXX_dependencies_compiler_type=gcc3

## ----------------- ##
## Output variables. ##
## ----------------- ##

ACLOCAL='${SHELL} /cygdrive/D/cppproject/pcaprrd/linux/missing --run aclocal-1.11'
AMDEPBACKSLASH='\'
AMDEP_FALSE='#'
AMDEP_TRUE=''
AMTAR='${SHELL} /cygdrive/D/cppproject/pcaprrd/linux/missing --run tar'
AUTOCONF='${SHELL} /cygdrive/D/cppproject/pcaprrd/linux/missing --run autoconf'
AUTOHEADER='${SHELL} /cygdrive/D/cppproject/pcaprrd/linux/missing --run autoheader'
AUTOMAKE='${SHELL} /cygdrive/D/cppproject/pcaprrd/linux/missing --run automake-1.11'
AWK='gawk'
CC='gcc'
CCDEPMODE='depmode=gcc3'
CFLAGS='-g -O2'
CPP='gcc -E'
CPPFLAGS=''
CXX='g++'
CXXDEPMODE='depmode=gcc3'
CXXFLAGS='-g -O2'
CYGPATH_W='cygpath -w'
DEFS='-DHAVE_CONFIG_H'
DEPDIR='.deps'
ECHO_C=''
ECHO_N='-n'
ECHO_T=''
EGREP='/usr/bin/grep -E'
EXEEXT='.exe'
GREP='/usr/bin/grep'
INSTALL_DATA='${INSTALL} -m 644'
INSTALL_PROGRAM='${INSTALL}'
INSTALL_SCRIPT='${INSTALL}'
INSTALL_STRIP_PROGRAM='$(install_sh) -c -s'
LDFLAGS=''
LIBOBJS=''
LIBS='-lpthread '
LTLIBOBJS=''
MAKEINFO='${SHELL} /cygdrive/D/cppproject/pcaprrd/linux/missing --run makeinfo'
MKDIR_P='/usr/bin/mkdir -p'
OBJEXT='o'
PACKAGE='pcaprrd'
PACKAGE_BUGREPORT='BUG-REPORT-ADDRESS'
PACKAGE_NAME='pcaprrd'
PACKAGE_STRING='pcaprrd 0.1'
PACKAGE_TARNAME='pcaprrd'
PACKAGE_URL=''
PACKAGE_VERSION='0.1'
PATH_SEPARATOR=':'
SET_MAKE=''
SHELL='/bin/sh'
STRIP=''
VERSION='0.1'
ac_ct_CC='gcc'
ac_ct_CXX='g++'
am__EXEEXT_FALSE='#'
am__EXEEXT_TRUE=''
am__fastdepCC_FALSE='#'
am__fastdepCC_TRUE=''
am__fastdepCXX_FALSE='#'
am__fastdepCXX_TRUE=''
am__include='include'
am__isrc=' -I$(srcdir)'
am__leading_dot='.'
am__quote=''
am__tar='${AMTAR} chof - "$$tardir"'
am__untar='${AMTAR} xf -'
bindir='${exec_prefix}/bin'
build_alias=''
datadir='${datarootdir}'
datarootdir='${prefix}/share'
docdir='${datarootdir}/doc/${PACKAGE_TARNAME}'
dvidir='${docdir}'
exec_prefix='${prefix}'
host_alias=''
htmldir='${docdir}'
includedir='${prefix}/include'
infodir='${datarootdir}/info'
install_sh='${SHELL} /cygdrive/D/cppproject/pcaprrd/linux/install-sh'
libdir='${exec_prefix}/lib'
libexecdir='${exec_prefix}/libexec'
localedir='${datarootdir}/locale'
localstatedir='${prefix}/var'
mandir='${datarootdir}/man'
mkdir_p='/usr/bin/mkdir -p'
oldincludedir='/usr/include'
pdfdir='${docdir}'
prefix='/usr/local'
program_transform_name='s,x,x,'
psdir='${docdir}'
sbindir='${exec_prefix}/sbin'
sharedstatedir='${prefix}/com'
sysconfdir='${prefix}/etc'
target_alias=''

## ----------- ##
## confdefs.h. ##
## ----------- ##

/* confdefs.h */
#define PACKAGE_NAME "pcaprrd"
#define PACKAGE_TARNAME "pcaprrd"
#define PACKAGE_VERSION "0.1"
#define PACKAGE_STRING "pcaprrd 0.1"
#define PACKAGE_BUGREPORT "BUG-REPORT-ADDRESS"
#define PACKAGE_URL ""
#define PACKAGE "pcaprrd"
#define VERSION "0.1"
#define HAVE_LIBPTHREAD 1
#define STDC_HEADERS 1
#define HAVE_SYS_TYPES_H 1
#define HAVE_SYS_STAT_H 1
#define HAVE_STDLIB_H 1
#define HAVE_STRING_H 1
#define HAVE_MEMORY_H 1
#define HAVE_STRINGS_H 1
#define HAVE_INTTYPES_H 1
#define HAVE_STDINT_H 1
#define HAVE_UNISTD_H 1
#define HAVE_ARPA_INET_H 1
#define HAVE__BOOL 1
#define HAVE_STDBOOL_H 1

configure: exit 0
